<?xml version="1.0" encoding="UTF-8"?>
<!-- Generated by org.testng.reporters.JUnitReportReporter -->
<testsuite hostname="DESKTOP-FH0MTAT" failures="0" tests="1" name="com.QaLegandProject.scripts.HomeTest" time="2.238" errors="0" timestamp="2023-06-29T15:34:30 IST" skipped="0">
  <testcase classname="com.QaLegandProject.scripts.HomeTest" name="verifyingClientMoreInfoButton" time="2.238"/>
  <system-out/>
</testsuite> <!-- com.QaLegandProject.scripts.HomeTest -->
