<?xml version="1.0" encoding="UTF-8"?>
<!-- Generated by org.testng.reporters.JUnitReportReporter -->
<testsuite hostname="DESKTOP-FH0MTAT" failures="0" tests="4" name="com.QaLegandProject.scripts.LoginTest" time="3.533" errors="0" timestamp="2023-06-29T15:34:30 IST" skipped="0">
  <testcase classname="com.QaLegandProject.scripts.LoginTest" name="verifySignInvalidUserinvalidPassword" time="0.587"/>
  <system-out/>
  <testcase classname="com.QaLegandProject.scripts.LoginTest" name="verifySignIninvalidUservalidPassword" time="0.803"/>
  <system-out/>
  <testcase classname="com.QaLegandProject.scripts.LoginTest" name="verifySignIninvalidUserinvalidPassword" time="0.507"/>
  <system-out/>
  <testcase classname="com.QaLegandProject.scripts.LoginTest" name="verifySignInvalidUservalidPassword" time="1.636"/>
  <system-out/>
</testsuite> <!-- com.QaLegandProject.scripts.LoginTest -->
